# JRE version: Java(TM) SE Runtime Environment (17.0.7+8) (build 17.0.7+8-LTS-224)
# Java VM: Java HotSpot(TM) 64-Bit Server VM (17.0.7+8-LTS-224, mixed mode, sharing, tiered, compressed oops, compressed class ptrs, parallel gc, linux-amd64)
GC Precious Log:
 CPUs: 8 total, 8 available
 Memory: 6862M
 Large Page Support: Disabled
 NUMA Support: Disabled
 Compressed Oops: Enabled (32-bit)
 Alignments: Space 512K, Generation 512K, Heap 2M
 Heap Min Capacity: 100M
 Heap Initial Capacity: 100M
 Heap Max Capacity: 1G
 Pre-touch: Disabled
 Parallel Workers: 8
Heap:
 PSYoungGen      total 15360K, used 1996K [0x00000000eab00000, 0x00000000ebd80000, 0x0000000100000000)
  eden space 13312K, 0% used [0x00000000eab00000,0x00000000eab00000,0x00000000eb800000)
  from space 2048K, 97% used [0x00000000ebb80000,0x00000000ebd73338,0x00000000ebd80000)
  to   space 2560K, 0% used [0x00000000eb880000,0x00000000eb880000,0x00000000ebb00000)
 ParOldGen       total 240128K, used 238643K [0x00000000c0000000, 0x00000000cea80000, 0x00000000eab00000)
  object space 240128K, 99% used [0x00000000c0000000,0x00000000ce90cf78,0x00000000cea80000)
 Metaspace       used 72589K, committed 73600K, reserved 1122304K
  class space    used 7276K, committed 7744K, reserved 1048576K
GC Heap History (20 events):
Event: 700.996 GC heap after
{Heap after GC invocations=269 (full 11):
 PSYoungGen      total 18944K, used 5134K [0x00000000eab00000, 0x00000000ec400000, 0x0000000100000000)
  eden space 13312K, 0% used [0x00000000eab00000,0x00000000eab00000,0x00000000eb800000)
  from space 5632K, 91% used [0x00000000eb980000,0x00000000ebe83b10,0x00000000ebf00000)
  to   space 5120K, 0% used [0x00000000ebf00000,0x00000000ebf00000,0x00000000ec400000)
 ParOldGen       total 240128K, used 232531K [0x00000000c0000000, 0x00000000cea80000, 0x00000000eab00000)
  object space 240128K, 96% used [0x00000000c0000000,0x00000000ce314c78,0x00000000cea80000)
 Metaspace       used 72433K, committed 73408K, reserved 1122304K
  class space    used 7263K, committed 7680K, reserved 1048576K
}
Event: 701.503 GC heap before
{Heap before GC invocations=270 (full 11):
 PSYoungGen      total 18944K, used 18446K [0x00000000eab00000, 0x00000000ec400000, 0x0000000100000000)
  eden space 13312K, 100% used [0x00000000eab00000,0x00000000eb800000,0x00000000eb800000)
  from space 5632K, 91% used [0x00000000eb980000,0x00000000ebe83b10,0x00000000ebf00000)
  to   space 5120K, 0% used [0x00000000ebf00000,0x00000000ebf00000,0x00000000ec400000)
 ParOldGen       total 240128K, used 232531K [0x00000000c0000000, 0x00000000cea80000, 0x00000000eab00000)
  object space 240128K, 96% used [0x00000000c0000000,0x00000000ce314c78,0x00000000cea80000)
 Metaspace       used 72443K, committed 73408K, reserved 1122304K
  class space    used 7263K, committed 7680K, reserved 1048576K
}
Event: 701.507 GC heap after
{Heap after GC invocations=270 (full 11):
 PSYoungGen      total 18432K, used 5110K [0x00000000eab00000, 0x00000000ec500000, 0x0000000100000000)
  eden space 13312K, 0% used [0x00000000eab00000,0x00000000eab00000,0x00000000eb800000)
  from space 5120K, 99% used [0x00000000ebf00000,0x00000000ec3fdb20,0x00000000ec400000)
  to   space 6656K, 0% used [0x00000000eb800000,0x00000000eb800000,0x00000000ebe80000)
 ParOldGen       total 240128K, used 233659K [0x00000000c0000000, 0x00000000cea80000, 0x00000000eab00000)
  object space 240128K, 97% used [0x00000000c0000000,0x00000000ce42ec78,0x00000000cea80000)
 Metaspace       used 72443K, committed 73408K, reserved 1122304K
  class space    used 7263K, committed 7680K, reserved 1048576K
}
Event: 705.056 GC heap before
{Heap before GC invocations=271 (full 11):
 PSYoungGen      total 18432K, used 18422K [0x00000000eab00000, 0x00000000ec500000, 0x0000000100000000)
  eden space 13312K, 100% used [0x00000000eab00000,0x00000000eb800000,0x00000000eb800000)
  from space 5120K, 99% used [0x00000000ebf00000,0x00000000ec3fdb20,0x00000000ec400000)
  to   space 6656K, 0% used [0x00000000eb800000,0x00000000eb800000,0x00000000ebe80000)
 ParOldGen       total 240128K, used 233659K [0x00000000c0000000, 0x00000000cea80000, 0x00000000eab00000)
  object space 240128K, 97% used [0x00000000c0000000,0x00000000ce42ec78,0x00000000cea80000)
 Metaspace       used 72585K, committed 73600K, reserved 1122304K
  class space    used 7276K, committed 7744K, reserved 1048576K
}
Event: 705.060 GC heap after
{Heap after GC invocations=271 (full 11):
 PSYoungGen      total 17920K, used 4198K [0x00000000eab00000, 0x00000000ec200000, 0x0000000100000000)
  eden space 13312K, 0% used [0x00000000eab00000,0x00000000eab00000,0x00000000eb800000)
  from space 4608K, 91% used [0x00000000eb800000,0x00000000ebc19b10,0x00000000ebc80000)
  to   space 5120K, 0% used [0x00000000ebd00000,0x00000000ebd00000,0x00000000ec200000)
 ParOldGen       total 240128K, used 233971K [0x00000000c0000000, 0x00000000cea80000, 0x00000000eab00000)
  object space 240128K, 97% used [0x00000000c0000000,0x00000000ce47cc98,0x00000000cea80000)
 Metaspace       used 72585K, committed 73600K, reserved 1122304K
  class space    used 7276K, committed 7744K, reserved 1048576K
}
Event: 705.082 GC heap before
{Heap before GC invocations=272 (full 11):
 PSYoungGen      total 17920K, used 17161K [0x00000000eab00000, 0x00000000ec200000, 0x0000000100000000)
  eden space 13312K, 97% used [0x00000000eab00000,0x00000000eb7a89a0,0x00000000eb800000)
  from space 4608K, 91% used [0x00000000eb800000,0x00000000ebc19b10,0x00000000ebc80000)
  to   space 5120K, 0% used [0x00000000ebd00000,0x00000000ebd00000,0x00000000ec200000)
 ParOldGen       total 240128K, used 233971K [0x00000000c0000000, 0x00000000cea80000, 0x00000000eab00000)
  object space 240128K, 97% used [0x00000000c0000000,0x00000000ce47cc98,0x00000000cea80000)
 Metaspace       used 72586K, committed 73600K, reserved 1122304K
  class space    used 7276K, committed 7744K, reserved 1048576K
}
Event: 705.085 GC heap after
{Heap after GC invocations=272 (full 11):
 PSYoungGen      total 17920K, used 4230K [0x00000000eab00000, 0x00000000ec180000, 0x0000000100000000)
  eden space 13312K, 0% used [0x00000000eab00000,0x00000000eab00000,0x00000000eb800000)
  from space 4608K, 91% used [0x00000000ebd00000,0x00000000ec121b10,0x00000000ec180000)
  to   space 4608K, 0% used [0x00000000eb800000,0x00000000eb800000,0x00000000ebc80000)
 ParOldGen       total 240128K, used 233971K [0x00000000c0000000, 0x00000000cea80000, 0x00000000eab00000)
  object space 240128K, 97% used [0x00000000c0000000,0x00000000ce47cc98,0x00000000cea80000)
 Metaspace       used 72586K, committed 73600K, reserved 1122304K
  class space    used 7276K, committed 7744K, reserved 1048576K
}
Event: 705.111 GC heap before
{Heap before GC invocations=273 (full 11):
 PSYoungGen      total 17920K, used 17541K [0x00000000eab00000, 0x00000000ec180000, 0x0000000100000000)
  eden space 13312K, 99% used [0x00000000eab00000,0x00000000eb7ffb10,0x00000000eb800000)
  from space 4608K, 91% used [0x00000000ebd00000,0x00000000ec121b10,0x00000000ec180000)
  to   space 4608K, 0% used [0x00000000eb800000,0x00000000eb800000,0x00000000ebc80000)
 ParOldGen       total 240128K, used 233971K [0x00000000c0000000, 0x00000000cea80000, 0x00000000eab00000)
  object space 240128K, 97% used [0x00000000c0000000,0x00000000ce47cc98,0x00000000cea80000)
 Metaspace       used 72588K, committed 73600K, reserved 1122304K
  class space    used 7276K, committed 7744K, reserved 1048576K
}
Event: 705.114 GC heap after
{Heap after GC invocations=273 (full 11):
 PSYoungGen      total 17920K, used 4589K [0x00000000eab00000, 0x00000000ec500000, 0x0000000100000000)
  eden space 13312K, 0% used [0x00000000eab00000,0x00000000eab00000,0x00000000eb800000)
  from space 4608K, 99% used [0x00000000eb800000,0x00000000ebc7b638,0x00000000ebc80000)
  to   space 6656K, 0% used [0x00000000ebe80000,0x00000000ebe80000,0x00000000ec500000)
 ParOldGen       total 240128K, used 235578K [0x00000000c0000000, 0x00000000cea80000, 0x00000000eab00000)
  object space 240128K, 98% used [0x00000000c0000000,0x00000000ce60e8c8,0x00000000cea80000)
 Metaspace       used 72588K, committed 73600K, reserved 1122304K
  class space    used 7276K, committed 7744K, reserved 1048576K
}
Event: 705.135 GC heap before
{Heap before GC invocations=274 (full 11):
 PSYoungGen      total 17920K, used 17720K [0x00000000eab00000, 0x00000000ec500000, 0x0000000100000000)
  eden space 13312K, 98% used [0x00000000eab00000,0x00000000eb7d2cb0,0x00000000eb800000)
  from space 4608K, 99% used [0x00000000eb800000,0x00000000ebc7b638,0x00000000ebc80000)
  to   space 6656K, 0% used [0x00000000ebe80000,0x00000000ebe80000,0x00000000ec500000)
 ParOldGen       total 240128K, used 235578K [0x00000000c0000000, 0x00000000cea80000, 0x00000000eab00000)
  object space 240128K, 98% used [0x00000000c0000000,0x00000000ce60e8c8,0x00000000cea80000)
 Metaspace       used 72588K, committed 73600K, reserved 1122304K
  class space    used 7276K, committed 7744K, reserved 1048576K
}
Event: 705.137 GC heap after
{Heap after GC invocations=274 (full 11):
 PSYoungGen      total 16384K, used 2599K [0x00000000eab00000, 0x00000000ec180000, 0x0000000100000000)
  eden space 13312K, 0% used [0x00000000eab00000,0x00000000eab00000,0x00000000eb800000)
  from space 3072K, 84% used [0x00000000ebe80000,0x00000000ec109f00,0x00000000ec180000)
  to   space 4096K, 0% used [0x00000000eb980000,0x00000000eb980000,0x00000000ebd80000)
 ParOldGen       total 240128K, used 235642K [0x00000000c0000000, 0x00000000cea80000, 0x00000000eab00000)
  object space 240128K, 98% used [0x00000000c0000000,0x00000000ce61e8c8,0x00000000cea80000)
 Metaspace       used 72588K, committed 73600K, reserved 1122304K
  class space    used 7276K, committed 7744K, reserved 1048576K
}
Event: 705.156 GC heap before
{Heap before GC invocations=275 (full 11):
 PSYoungGen      total 16384K, used 15780K [0x00000000eab00000, 0x00000000ec180000, 0x0000000100000000)
  eden space 13312K, 99% used [0x00000000eab00000,0x00000000eb7df130,0x00000000eb800000)
  from space 3072K, 84% used [0x00000000ebe80000,0x00000000ec109f00,0x00000000ec180000)
  to   space 4096K, 0% used [0x00000000eb980000,0x00000000eb980000,0x00000000ebd80000)
 ParOldGen       total 240128K, used 235642K [0x00000000c0000000, 0x00000000cea80000, 0x00000000eab00000)
  object space 240128K, 98% used [0x00000000c0000000,0x00000000ce61e8c8,0x00000000cea80000)
 Metaspace       used 72589K, committed 73600K, reserved 1122304K
  class space    used 7276K, committed 7744K, reserved 1048576K
}
Event: 705.159 GC heap after
{Heap after GC invocations=275 (full 11):
 PSYoungGen      total 17408K, used 4072K [0x00000000eab00000, 0x00000000ec300000, 0x0000000100000000)
  eden space 13312K, 0% used [0x00000000eab00000,0x00000000eab00000,0x00000000eb800000)
  from space 4096K, 99% used [0x00000000eb980000,0x00000000ebd7a2f0,0x00000000ebd80000)
  to   space 5632K, 0% used [0x00000000ebd80000,0x00000000ebd80000,0x00000000ec300000)
 ParOldGen       total 240128K, used 236291K [0x00000000c0000000, 0x00000000cea80000, 0x00000000eab00000)
  object space 240128K, 98% used [0x00000000c0000000,0x00000000ce6c0c78,0x00000000cea80000)
 Metaspace       used 72589K, committed 73600K, reserved 1122304K
  class space    used 7276K, committed 7744K, reserved 1048576K
}
Event: 705.178 GC heap before
{Heap before GC invocations=276 (full 11):
 PSYoungGen      total 17408K, used 17384K [0x00000000eab00000, 0x00000000ec300000, 0x0000000100000000)
  eden space 13312K, 100% used [0x00000000eab00000,0x00000000eb800000,0x00000000eb800000)
  from space 4096K, 99% used [0x00000000eb980000,0x00000000ebd7a2f0,0x00000000ebd80000)
  to   space 5632K, 0% used [0x00000000ebd80000,0x00000000ebd80000,0x00000000ec300000)
 ParOldGen       total 240128K, used 236291K [0x00000000c0000000, 0x00000000cea80000, 0x00000000eab00000)
  object space 240128K, 98% used [0x00000000c0000000,0x00000000ce6c0c78,0x00000000cea80000)
 Metaspace       used 72589K, committed 73600K, reserved 1122304K
  class space    used 7276K, committed 7744K, reserved 1048576K
}
Event: 705.181 GC heap after
{Heap after GC invocations=276 (full 11):
 PSYoungGen      total 17408K, used 3773K [0x00000000eab00000, 0x00000000ec180000, 0x0000000100000000)
  eden space 13312K, 0% used [0x00000000eab00000,0x00000000eab00000,0x00000000eb800000)
  from space 4096K, 92% used [0x00000000ebd80000,0x00000000ec12f548,0x00000000ec180000)
  to   space 4608K, 0% used [0x00000000eb880000,0x00000000eb880000,0x00000000ebd00000)
 ParOldGen       total 240128K, used 236851K [0x00000000c0000000, 0x00000000cea80000, 0x00000000eab00000)
  object space 240128K, 98% used [0x00000000c0000000,0x00000000ce74cc78,0x00000000cea80000)
 Metaspace       used 72589K, committed 73600K, reserved 1122304K
  class space    used 7276K, committed 7744K, reserved 1048576K
}
Event: 705.198 GC heap before
{Heap before GC invocations=277 (full 11):
 PSYoungGen      total 17408K, used 16965K [0x00000000eab00000, 0x00000000ec180000, 0x0000000100000000)
  eden space 13312K, 99% used [0x00000000eab00000,0x00000000eb7e20e0,0x00000000eb800000)
  from space 4096K, 92% used [0x00000000ebd80000,0x00000000ec12f548,0x00000000ec180000)
  to   space 4608K, 0% used [0x00000000eb880000,0x00000000eb880000,0x00000000ebd00000)
 ParOldGen       total 240128K, used 236851K [0x00000000c0000000, 0x00000000cea80000, 0x00000000eab00000)
  object space 240128K, 98% used [0x00000000c0000000,0x00000000ce74cc78,0x00000000cea80000)
 Metaspace       used 72589K, committed 73600K, reserved 1122304K
  class space    used 7276K, committed 7744K, reserved 1048576K
}
Event: 705.201 GC heap after
{Heap after GC invocations=277 (full 11):
 PSYoungGen      total 15360K, used 1695K [0x00000000eab00000, 0x00000000ebe00000, 0x0000000100000000)
  eden space 13312K, 0% used [0x00000000eab00000,0x00000000eab00000,0x00000000eb800000)
  from space 2048K, 82% used [0x00000000eb880000,0x00000000eba27f00,0x00000000eba80000)
  to   space 2560K, 0% used [0x00000000ebb80000,0x00000000ebb80000,0x00000000ebe00000)
 ParOldGen       total 240128K, used 236851K [0x00000000c0000000, 0x00000000cea80000, 0x00000000eab00000)
  object space 240128K, 98% used [0x00000000c0000000,0x00000000ce74cc78,0x00000000cea80000)
 Metaspace       used 72589K, committed 73600K, reserved 1122304K
  class space    used 7276K, committed 7744K, reserved 1048576K
}
Event: 705.221 GC heap before
{Heap before GC invocations=278 (full 11):
 PSYoungGen      total 15360K, used 14970K [0x00000000eab00000, 0x00000000ebe00000, 0x0000000100000000)
  eden space 13312K, 99% used [0x00000000eab00000,0x00000000eb7f6c28,0x00000000eb800000)
  from space 2048K, 82% used [0x00000000eb880000,0x00000000eba27f00,0x00000000eba80000)
  to   space 2560K, 0% used [0x00000000ebb80000,0x00000000ebb80000,0x00000000ebe00000)
 ParOldGen       total 240128K, used 236851K [0x00000000c0000000, 0x00000000cea80000, 0x00000000eab00000)
  object space 240128K, 98% used [0x00000000c0000000,0x00000000ce74cc78,0x00000000cea80000)
 Metaspace       used 72589K, committed 73600K, reserved 1122304K
  class space    used 7276K, committed 7744K, reserved 1048576K
}
Event: 705.223 GC heap after
{Heap after GC invocations=278 (full 11):
 PSYoungGen      total 15360K, used 1996K [0x00000000eab00000, 0x00000000ebd80000, 0x0000000100000000)
  eden space 13312K, 0% used [0x00000000eab00000,0x00000000eab00000,0x00000000eb800000)
  from space 2048K, 97% used [0x00000000ebb80000,0x00000000ebd73338,0x00000000ebd80000)
  to   space 2560K, 0% used [0x00000000eb880000,0x00000000eb880000,0x00000000ebb00000)
 ParOldGen       total 240128K, used 238643K [0x00000000c0000000, 0x00000000cea80000, 0x00000000eab00000)
  object space 240128K, 99% used [0x00000000c0000000,0x00000000ce90cf78,0x00000000cea80000)
 Metaspace       used 72589K, committed 73600K, reserved 1122304K
  class space    used 7276K, committed 7744K, reserved 1048576K
}
Event: 705.223 GC heap before
{Heap before GC invocations=279 (full 12):
 PSYoungGen      total 15360K, used 1996K [0x00000000eab00000, 0x00000000ebd80000, 0x0000000100000000)
  eden space 13312K, 0% used [0x00000000eab00000,0x00000000eab00000,0x00000000eb800000)
  from space 2048K, 97% used [0x00000000ebb80000,0x00000000ebd73338,0x00000000ebd80000)
  to   space 2560K, 0% used [0x00000000eb880000,0x00000000eb880000,0x00000000ebb00000)
 ParOldGen       total 240128K, used 238643K [0x00000000c0000000, 0x00000000cea80000, 0x00000000eab00000)
  object space 240128K, 99% used [0x00000000c0000000,0x00000000ce90cf78,0x00000000cea80000)
 Metaspace       used 72589K, committed 73600K, reserved 1122304K
  class space    used 7276K, committed 7744K, reserved 1048576K
}

