# JRE version: Java(TM) SE Runtime Environment (17.0.7+8) (build 17.0.7+8-LTS-224)
# Java VM: Java HotSpot(TM) 64-Bit Server VM (17.0.7+8-LTS-224, mixed mode, sharing, tiered, compressed oops, compressed class ptrs, parallel gc, linux-amd64)
GC Precious Log:
 CPUs: 8 total, 8 available
 Memory: 6862M
 Large Page Support: Disabled
 NUMA Support: Disabled
 Compressed Oops: Enabled (32-bit)
 Alignments: Space 512K, Generation 512K, Heap 2M
 Heap Min Capacity: 100M
 Heap Initial Capacity: 100M
 Heap Max Capacity: 1G
 Pre-touch: Disabled
 Parallel Workers: 8
Heap:
 PSYoungGen      total 13312K, used 8627K [0x00000000eab00000, 0x00000000ec400000, 0x0000000100000000)
  eden space 11264K, 58% used [0x00000000eab00000,0x00000000eb172be8,0x00000000eb600000)
  from space 2048K, 98% used [0x00000000eb680000,0x00000000eb87a0c0,0x00000000eb880000)
  to   space 7168K, 0% used [0x00000000ebd00000,0x00000000ebd00000,0x00000000ec400000)
 ParOldGen       total 75776K, used 64925K [0x00000000c0000000, 0x00000000c4a00000, 0x00000000eab00000)
  object space 75776K, 85% used [0x00000000c0000000,0x00000000c3f676e8,0x00000000c4a00000)
 Metaspace       used 66689K, committed 67648K, reserved 1114112K
  class space    used 6998K, committed 7424K, reserved 1048576K
GC Heap History (20 events):
Event: 449.675 GC heap before
{Heap before GC invocations=61 (full 4):
 PSYoungGen      total 15872K, used 15008K [0x00000000eab00000, 0x00000000ebc00000, 0x0000000100000000)
  eden space 14848K, 100% used [0x00000000eab00000,0x00000000eb980000,0x00000000eb980000)
  from space 1024K, 15% used [0x00000000eba00000,0x00000000eba28000,0x00000000ebb00000)
  to   space 512K, 0% used [0x00000000ebb80000,0x00000000ebb80000,0x00000000ebc00000)
 ParOldGen       total 75776K, used 51609K [0x00000000c0000000, 0x00000000c4a00000, 0x00000000eab00000)
  object space 75776K, 68% used [0x00000000c0000000,0x00000000c32666b8,0x00000000c4a00000)
 Metaspace       used 65560K, committed 66496K, reserved 1114112K
  class space    used 6971K, committed 7360K, reserved 1048576K
}
Event: 449.676 GC heap after
{Heap after GC invocations=61 (full 4):
 PSYoungGen      total 14336K, used 484K [0x00000000eab00000, 0x00000000ebf80000, 0x0000000100000000)
  eden space 13824K, 0% used [0x00000000eab00000,0x00000000eab00000,0x00000000eb880000)
  from space 512K, 94% used [0x00000000ebb80000,0x00000000ebbf9348,0x00000000ebc00000)
  to   space 3072K, 0% used [0x00000000eb880000,0x00000000eb880000,0x00000000ebb80000)
 ParOldGen       total 75776K, used 53480K [0x00000000c0000000, 0x00000000c4a00000, 0x00000000eab00000)
  object space 75776K, 70% used [0x00000000c0000000,0x00000000c343a3f8,0x00000000c4a00000)
 Metaspace       used 65560K, committed 66496K, reserved 1114112K
  class space    used 6971K, committed 7360K, reserved 1048576K
}
Event: 449.696 GC heap before
{Heap before GC invocations=62 (full 4):
 PSYoungGen      total 14336K, used 12846K [0x00000000eab00000, 0x00000000ebf80000, 0x0000000100000000)
  eden space 13824K, 89% used [0x00000000eab00000,0x00000000eb712648,0x00000000eb880000)
  from space 512K, 94% used [0x00000000ebb80000,0x00000000ebbf9348,0x00000000ebc00000)
  to   space 3072K, 0% used [0x00000000eb880000,0x00000000eb880000,0x00000000ebb80000)
 ParOldGen       total 75776K, used 53480K [0x00000000c0000000, 0x00000000c4a00000, 0x00000000eab00000)
  object space 75776K, 70% used [0x00000000c0000000,0x00000000c343a3f8,0x00000000c4a00000)
 Metaspace       used 65571K, committed 66496K, reserved 1114112K
  class space    used 6971K, committed 7360K, reserved 1048576K
}
Event: 449.697 GC heap after
{Heap after GC invocations=62 (full 4):
 PSYoungGen      total 14848K, used 608K [0x00000000eab00000, 0x00000000ebc00000, 0x0000000100000000)
  eden space 13824K, 0% used [0x00000000eab00000,0x00000000eab00000,0x00000000eb880000)
  from space 1024K, 59% used [0x00000000eb880000,0x00000000eb918000,0x00000000eb980000)
  to   space 1536K, 0% used [0x00000000eba80000,0x00000000eba80000,0x00000000ebc00000)
 ParOldGen       total 75776K, used 53536K [0x00000000c0000000, 0x00000000c4a00000, 0x00000000eab00000)
  object space 75776K, 70% used [0x00000000c0000000,0x00000000c34483f8,0x00000000c4a00000)
 Metaspace       used 65571K, committed 66496K, reserved 1114112K
  class space    used 6971K, committed 7360K, reserved 1048576K
}
Event: 449.719 GC heap before
{Heap before GC invocations=63 (full 4):
 PSYoungGen      total 14848K, used 13315K [0x00000000eab00000, 0x00000000ebc00000, 0x0000000100000000)
  eden space 13824K, 91% used [0x00000000eab00000,0x00000000eb768c20,0x00000000eb880000)
  from space 1024K, 59% used [0x00000000eb880000,0x00000000eb918000,0x00000000eb980000)
  to   space 1536K, 0% used [0x00000000eba80000,0x00000000eba80000,0x00000000ebc00000)
 ParOldGen       total 75776K, used 53536K [0x00000000c0000000, 0x00000000c4a00000, 0x00000000eab00000)
  object space 75776K, 70% used [0x00000000c0000000,0x00000000c34483f8,0x00000000c4a00000)
 Metaspace       used 65573K, committed 66496K, reserved 1114112K
  class space    used 6971K, committed 7360K, reserved 1048576K
}
Event: 449.720 GC heap after
{Heap after GC invocations=63 (full 4):
 PSYoungGen      total 14336K, used 128K [0x00000000eab00000, 0x00000000ebb00000, 0x0000000100000000)
  eden space 13824K, 0% used [0x00000000eab00000,0x00000000eab00000,0x00000000eb880000)
  from space 512K, 25% used [0x00000000eba80000,0x00000000ebaa0000,0x00000000ebb00000)
  to   space 512K, 0% used [0x00000000eba00000,0x00000000eba00000,0x00000000eba80000)
 ParOldGen       total 75776K, used 54070K [0x00000000c0000000, 0x00000000c4a00000, 0x00000000eab00000)
  object space 75776K, 71% used [0x00000000c0000000,0x00000000c34cd878,0x00000000c4a00000)
 Metaspace       used 65573K, committed 66496K, reserved 1114112K
  class space    used 6971K, committed 7360K, reserved 1048576K
}
Event: 451.504 GC heap before
{Heap before GC invocations=64 (full 4):
 PSYoungGen      total 14336K, used 13952K [0x00000000eab00000, 0x00000000ebb00000, 0x0000000100000000)
  eden space 13824K, 100% used [0x00000000eab00000,0x00000000eb880000,0x00000000eb880000)
  from space 512K, 25% used [0x00000000eba80000,0x00000000ebaa0000,0x00000000ebb00000)
  to   space 512K, 0% used [0x00000000eba00000,0x00000000eba00000,0x00000000eba80000)
 ParOldGen       total 75776K, used 54070K [0x00000000c0000000, 0x00000000c4a00000, 0x00000000eab00000)
  object space 75776K, 71% used [0x00000000c0000000,0x00000000c34cd878,0x00000000c4a00000)
 Metaspace       used 65713K, committed 66688K, reserved 1114112K
  class space    used 6978K, committed 7424K, reserved 1048576K
}
Event: 451.506 GC heap after
{Heap after GC invocations=64 (full 4):
 PSYoungGen      total 14336K, used 512K [0x00000000eab00000, 0x00000000ebb80000, 0x0000000100000000)
  eden space 13824K, 0% used [0x00000000eab00000,0x00000000eab00000,0x00000000eb880000)
  from space 512K, 100% used [0x00000000eba00000,0x00000000eba80000,0x00000000eba80000)
  to   space 1024K, 0% used [0x00000000eba80000,0x00000000eba80000,0x00000000ebb80000)
 ParOldGen       total 75776K, used 54762K [0x00000000c0000000, 0x00000000c4a00000, 0x00000000eab00000)
  object space 75776K, 72% used [0x00000000c0000000,0x00000000c357ab88,0x00000000c4a00000)
 Metaspace       used 65713K, committed 66688K, reserved 1114112K
  class space    used 6978K, committed 7424K, reserved 1048576K
}
Event: 560.263 GC heap before
{Heap before GC invocations=65 (full 4):
 PSYoungGen      total 14336K, used 14336K [0x00000000eab00000, 0x00000000ebb80000, 0x0000000100000000)
  eden space 13824K, 100% used [0x00000000eab00000,0x00000000eb880000,0x00000000eb880000)
  from space 512K, 100% used [0x00000000eba00000,0x00000000eba80000,0x00000000eba80000)
  to   space 1024K, 0% used [0x00000000eba80000,0x00000000eba80000,0x00000000ebb80000)
 ParOldGen       total 75776K, used 54762K [0x00000000c0000000, 0x00000000c4a00000, 0x00000000eab00000)
  object space 75776K, 72% used [0x00000000c0000000,0x00000000c357ab88,0x00000000c4a00000)
 Metaspace       used 65903K, committed 66880K, reserved 1114112K
  class space    used 6989K, committed 7424K, reserved 1048576K
}
Event: 560.268 GC heap after
{Heap after GC invocations=65 (full 4):
 PSYoungGen      total 12288K, used 992K [0x00000000eab00000, 0x00000000ec180000, 0x0000000100000000)
  eden space 11264K, 0% used [0x00000000eab00000,0x00000000eab00000,0x00000000eb600000)
  from space 1024K, 96% used [0x00000000eba80000,0x00000000ebb78020,0x00000000ebb80000)
  to   space 4608K, 0% used [0x00000000eb600000,0x00000000eb600000,0x00000000eba80000)
 ParOldGen       total 75776K, used 57719K [0x00000000c0000000, 0x00000000c4a00000, 0x00000000eab00000)
  object space 75776K, 76% used [0x00000000c0000000,0x00000000c385dd28,0x00000000c4a00000)
 Metaspace       used 65903K, committed 66880K, reserved 1114112K
  class space    used 6989K, committed 7424K, reserved 1048576K
}
Event: 563.670 GC heap before
{Heap before GC invocations=66 (full 4):
 PSYoungGen      total 12288K, used 12256K [0x00000000eab00000, 0x00000000ec180000, 0x0000000100000000)
  eden space 11264K, 100% used [0x00000000eab00000,0x00000000eb600000,0x00000000eb600000)
  from space 1024K, 96% used [0x00000000eba80000,0x00000000ebb78020,0x00000000ebb80000)
  to   space 4608K, 0% used [0x00000000eb600000,0x00000000eb600000,0x00000000eba80000)
 ParOldGen       total 75776K, used 57719K [0x00000000c0000000, 0x00000000c4a00000, 0x00000000eab00000)
  object space 75776K, 76% used [0x00000000c0000000,0x00000000c385dd28,0x00000000c4a00000)
 Metaspace       used 66203K, committed 67200K, reserved 1114112K
  class space    used 6992K, committed 7424K, reserved 1048576K
}
Event: 563.672 GC heap after
{Heap after GC invocations=66 (full 4):
 PSYoungGen      total 12288K, used 704K [0x00000000eab00000, 0x00000000ebb00000, 0x0000000100000000)
  eden space 11264K, 0% used [0x00000000eab00000,0x00000000eab00000,0x00000000eb600000)
  from space 1024K, 68% used [0x00000000eb600000,0x00000000eb6b0020,0x00000000eb700000)
  to   space 2048K, 0% used [0x00000000eb900000,0x00000000eb900000,0x00000000ebb00000)
 ParOldGen       total 75776K, used 58681K [0x00000000c0000000, 0x00000000c4a00000, 0x00000000eab00000)
  object space 75776K, 77% used [0x00000000c0000000,0x00000000c394e668,0x00000000c4a00000)
 Metaspace       used 66203K, committed 67200K, reserved 1114112K
  class space    used 6992K, committed 7424K, reserved 1048576K
}
Event: 593.600 GC heap before
{Heap before GC invocations=67 (full 4):
 PSYoungGen      total 12288K, used 11968K [0x00000000eab00000, 0x00000000ebb00000, 0x0000000100000000)
  eden space 11264K, 100% used [0x00000000eab00000,0x00000000eb600000,0x00000000eb600000)
  from space 1024K, 68% used [0x00000000eb600000,0x00000000eb6b0020,0x00000000eb700000)
  to   space 2048K, 0% used [0x00000000eb900000,0x00000000eb900000,0x00000000ebb00000)
 ParOldGen       total 75776K, used 58681K [0x00000000c0000000, 0x00000000c4a00000, 0x00000000eab00000)
  object space 75776K, 77% used [0x00000000c0000000,0x00000000c394e668,0x00000000c4a00000)
 Metaspace       used 66397K, committed 67328K, reserved 1114112K
  class space    used 6995K, committed 7424K, reserved 1048576K
}
Event: 593.602 GC heap after
{Heap after GC invocations=67 (full 4):
 PSYoungGen      total 12288K, used 944K [0x00000000eab00000, 0x00000000eba00000, 0x0000000100000000)
  eden space 11264K, 0% used [0x00000000eab00000,0x00000000eab00000,0x00000000eb600000)
  from space 1024K, 92% used [0x00000000eb900000,0x00000000eb9ec010,0x00000000eba00000)
  to   space 1536K, 0% used [0x00000000eb700000,0x00000000eb700000,0x00000000eb880000)
 ParOldGen       total 75776K, used 59274K [0x00000000c0000000, 0x00000000c4a00000, 0x00000000eab00000)
  object space 75776K, 78% used [0x00000000c0000000,0x00000000c39e2a08,0x00000000c4a00000)
 Metaspace       used 66397K, committed 67328K, reserved 1114112K
  class space    used 6995K, committed 7424K, reserved 1048576K
}
Event: 595.470 GC heap before
{Heap before GC invocations=68 (full 4):
 PSYoungGen      total 12288K, used 12208K [0x00000000eab00000, 0x00000000eba00000, 0x0000000100000000)
  eden space 11264K, 100% used [0x00000000eab00000,0x00000000eb600000,0x00000000eb600000)
  from space 1024K, 92% used [0x00000000eb900000,0x00000000eb9ec010,0x00000000eba00000)
  to   space 1536K, 0% used [0x00000000eb700000,0x00000000eb700000,0x00000000eb880000)
 ParOldGen       total 75776K, used 59274K [0x00000000c0000000, 0x00000000c4a00000, 0x00000000eab00000)
  object space 75776K, 78% used [0x00000000c0000000,0x00000000c39e2a08,0x00000000c4a00000)
 Metaspace       used 66442K, committed 67392K, reserved 1114112K
  class space    used 6997K, committed 7424K, reserved 1048576K
}
Event: 595.473 GC heap after
{Heap after GC invocations=68 (full 4):
 PSYoungGen      total 12800K, used 1526K [0x00000000eab00000, 0x00000000ebd00000, 0x0000000100000000)
  eden space 11264K, 0% used [0x00000000eab00000,0x00000000eab00000,0x00000000eb600000)
  from space 1536K, 99% used [0x00000000eb700000,0x00000000eb87db70,0x00000000eb880000)
  to   space 3584K, 0% used [0x00000000eb980000,0x00000000eb980000,0x00000000ebd00000)
 ParOldGen       total 75776K, used 60771K [0x00000000c0000000, 0x00000000c4a00000, 0x00000000eab00000)
  object space 75776K, 80% used [0x00000000c0000000,0x00000000c3b58da8,0x00000000c4a00000)
 Metaspace       used 66442K, committed 67392K, reserved 1114112K
  class space    used 6997K, committed 7424K, reserved 1048576K
}
Event: 616.637 GC heap before
{Heap before GC invocations=69 (full 4):
 PSYoungGen      total 12800K, used 12790K [0x00000000eab00000, 0x00000000ebd00000, 0x0000000100000000)
  eden space 11264K, 100% used [0x00000000eab00000,0x00000000eb600000,0x00000000eb600000)
  from space 1536K, 99% used [0x00000000eb700000,0x00000000eb87db70,0x00000000eb880000)
  to   space 3584K, 0% used [0x00000000eb980000,0x00000000eb980000,0x00000000ebd00000)
 ParOldGen       total 75776K, used 60771K [0x00000000c0000000, 0x00000000c4a00000, 0x00000000eab00000)
  object space 75776K, 80% used [0x00000000c0000000,0x00000000c3b58da8,0x00000000c4a00000)
 Metaspace       used 66622K, committed 67584K, reserved 1114112K
  class space    used 6998K, committed 7424K, reserved 1048576K
}
Event: 616.639 GC heap after
{Heap after GC invocations=69 (full 4):
 PSYoungGen      total 12288K, used 704K [0x00000000eab00000, 0x00000000eba80000, 0x0000000100000000)
  eden space 11264K, 0% used [0x00000000eab00000,0x00000000eab00000,0x00000000eb600000)
  from space 1024K, 68% used [0x00000000eb980000,0x00000000eba30000,0x00000000eba80000)
  to   space 2048K, 0% used [0x00000000eb680000,0x00000000eb680000,0x00000000eb880000)
 ParOldGen       total 75776K, used 60923K [0x00000000c0000000, 0x00000000c4a00000, 0x00000000eab00000)
  object space 75776K, 80% used [0x00000000c0000000,0x00000000c3b7eda8,0x00000000c4a00000)
 Metaspace       used 66622K, committed 67584K, reserved 1114112K
  class space    used 6998K, committed 7424K, reserved 1048576K
}
Event: 617.494 GC heap before
{Heap before GC invocations=70 (full 4):
 PSYoungGen      total 12288K, used 11968K [0x00000000eab00000, 0x00000000eba80000, 0x0000000100000000)
  eden space 11264K, 100% used [0x00000000eab00000,0x00000000eb600000,0x00000000eb600000)
  from space 1024K, 68% used [0x00000000eb980000,0x00000000eba30000,0x00000000eba80000)
  to   space 2048K, 0% used [0x00000000eb680000,0x00000000eb680000,0x00000000eb880000)
 ParOldGen       total 75776K, used 60923K [0x00000000c0000000, 0x00000000c4a00000, 0x00000000eab00000)
  object space 75776K, 80% used [0x00000000c0000000,0x00000000c3b7eda8,0x00000000c4a00000)
 Metaspace       used 66689K, committed 67648K, reserved 1114112K
  class space    used 6998K, committed 7424K, reserved 1048576K
}
Event: 617.500 GC heap after
{Heap after GC invocations=70 (full 4):
 PSYoungGen      total 13312K, used 2024K [0x00000000eab00000, 0x00000000ec400000, 0x0000000100000000)
  eden space 11264K, 0% used [0x00000000eab00000,0x00000000eab00000,0x00000000eb600000)
  from space 2048K, 98% used [0x00000000eb680000,0x00000000eb87a0c0,0x00000000eb880000)
  to   space 7168K, 0% used [0x00000000ebd00000,0x00000000ebd00000,0x00000000ec400000)
 ParOldGen       total 75776K, used 64925K [0x00000000c0000000, 0x00000000c4a00000, 0x00000000eab00000)
  object space 75776K, 85% used [0x00000000c0000000,0x00000000c3f676e8,0x00000000c4a00000)
 Metaspace       used 66689K, committed 67648K, reserved 1114112K
  class space    used 6998K, committed 7424K, reserved 1048576K
}

